<?xml version="1.0" encoding="UTF-8"?>
<!-- Generated by org.testng.reporters.JUnitReportReporter -->
<testsuite hostname="Anghrj02" failures="0" tests="10" name="automation.Plantorbit" time="67.552" errors="0" timestamp="2024-06-22T19:49:48 IST" skipped="0">
  <testcase classname="automation.Plantorbit" name="test10" time="29.739"/>
  <testcase classname="automation.Plantorbit" name="test4" time="10.427"/>
  <testcase classname="automation.Plantorbit" name="test7" time="3.919"/>
  <testcase classname="automation.Plantorbit" name="test5" time="1.969"/>
  <testcase classname="automation.Plantorbit" name="test6" time="1.287"/>
  <testcase classname="automation.Plantorbit" name="test2" time="3.779"/>
  <testcase classname="automation.Plantorbit" name="test8" time="6.341"/>
  <testcase classname="automation.Plantorbit" name="test9" time="1.807"/>
  <testcase classname="automation.Plantorbit" name="test1" time="1.650"/>
  <testcase classname="automation.Plantorbit" name="test3" time="6.634"/>
</testsuite> <!-- automation.Plantorbit -->
