<?xml version="1.0" encoding="UTF-8"?>
<!-- Generated by org.testng.reporters.JUnitReportReporter -->
<testsuite hostname="Anghrj02" failures="0" tests="10" name="automation.Plantorbit" time="51.575" errors="0" timestamp="2024-06-23T23:06:53 IST" skipped="0">
  <testcase classname="automation.Plantorbit" name="test6" time="1.725"/>
  <testcase classname="automation.Plantorbit" name="test8" time="10.823"/>
  <testcase classname="automation.Plantorbit" name="test5" time="2.089"/>
  <testcase classname="automation.Plantorbit" name="test2" time="4.320"/>
  <testcase classname="automation.Plantorbit" name="test9" time="2.204"/>
  <testcase classname="automation.Plantorbit" name="test3" time="4.254"/>
  <testcase classname="automation.Plantorbit" name="test4" time="9.293"/>
  <testcase classname="automation.Plantorbit" name="test7" time="3.299"/>
  <testcase classname="automation.Plantorbit" name="test10" time="11.901"/>
  <testcase classname="automation.Plantorbit" name="test1" time="1.667"/>
</testsuite> <!-- automation.Plantorbit -->
