<?xml version="1.0" encoding="UTF-8"?>
<!-- Generated by org.testng.reporters.JUnitReportReporter -->
<testsuite hostname="Anghrj02" failures="0" tests="1" name="automation.Test2" time="5.421" errors="0" timestamp="2024-06-19T14:01:32 IST" skipped="0">
  <testcase classname="automation.Test2" name="test2" time="5.421"/>
</testsuite> <!-- automation.Test2 -->
